Flow report for nandgate
Sun Feb 23 16:08:16 2025
Quartus II 64-Bit Version 13.1.0 Build 162 10/23/2013 SJ Web Edition


---------------------
; Table of Contents ;
---------------------
  1. Legal Notice
  2. Flow Summary
  3. Flow Settings
  4. Flow Non-Default Global Settings
  5. Flow Elapsed Time
  6. Flow OS Summary
  7. Flow Log
  8. Flow Messages
  9. Flow Suppressed Messages



----------------
; Legal Notice ;
----------------
Copyright (C) 1991-2013 Altera Corporation
Your use of Altera Corporation's design tools, logic functions 
and other software and tools, and its AMPP partner logic 
functions, and any output files from any of the foregoing 
(including device programming or simulation files), and any 
associated documentation or information are expressly subject 
to the terms and conditions of the Altera Program License 
Subscription Agreement, Altera MegaCore Function License 
Agreement, or other applicable license agreement, including, 
without limitation, that your use is for the sole purpose of 
programming logic devices manufactured by Altera and sold by 
Altera or its authorized distributors.  Please refer to the 
applicable agreement for further details.



+---------------------------------------------------------------------------------+
; Flow Summary                                                                    ;
+------------------------------------+--------------------------------------------+
; Flow Status                        ; Successful - Sun Feb 23 16:08:16 2025      ;
; Quartus II 64-Bit Version          ; 13.1.0 Build 162 10/23/2013 SJ Web Edition ;
; Revision Name                      ; nandgate                                   ;
; Top-level Entity Name              ; nandgate                                   ;
; Family                             ; Cyclone IV E                               ;
; Device                             ; EP4CE115F29C7                              ;
; Timing Models                      ; Final                                      ;
; Total logic elements               ; 1 / 114,480 ( < 1 % )                      ;
;     Total combinational functions  ; 1 / 114,480 ( < 1 % )                      ;
;     Dedicated logic registers      ; 0 / 114,480 ( 0 % )                        ;
; Total registers                    ; 0                                          ;
; Total pins                         ; 3 / 529 ( < 1 % )                          ;
; Total virtual pins                 ; 0                                          ;
; Total memory bits                  ; 0 / 3,981,312 ( 0 % )                      ;
; Embedded Multiplier 9-bit elements ; 0 / 532 ( 0 % )                            ;
; Total PLLs                         ; 0 / 4 ( 0 % )                              ;
+------------------------------------+--------------------------------------------+


+-----------------------------------------+
; Flow Settings                           ;
+-------------------+---------------------+
; Option            ; Setting             ;
+-------------------+---------------------+
; Start date & time ; 02/23/2025 16:03:10 ;
; Main task         ; Compilation         ;
; Revision Name     ; nandgate            ;
+-------------------+---------------------+


+---------------------------------------------------------------------------------------------------------------------------------+
; Flow Non-Default Global Settings                                                                                                ;
+-------------------------------------+--------------------------------------------+---------------+-------------+----------------+
; Assignment Name                     ; Value                                      ; Default Value ; Entity Name ; Section Id     ;
+-------------------------------------+--------------------------------------------+---------------+-------------+----------------+
; COMPILER_SIGNATURE_ID               ; 251485274002510.174030859008996            ; --            ; --          ; --             ;
; EDA_GENERATE_FUNCTIONAL_NETLIST     ; On                                         ; --            ; --          ; eda_simulation ;
; EDA_NETLIST_WRITER_OUTPUT_DIR       ; D:/alterafiles/lab_01_coa/simulation/qsim/ ; --            ; --          ; eda_simulation ;
; EDA_OUTPUT_DATA_FORMAT              ; Verilog Hdl                                ; --            ; --          ; eda_simulation ;
; EDA_SIMULATION_TOOL                 ; ModelSim-Altera (Verilog)                  ; <None>        ; --          ; --             ;
; MAX_CORE_JUNCTION_TEMP              ; 85                                         ; --            ; --          ; --             ;
; MIN_CORE_JUNCTION_TEMP              ; 0                                          ; --            ; --          ; --             ;
; NOMINAL_CORE_SUPPLY_VOLTAGE         ; 1.2V                                       ; --            ; --          ; --             ;
; PARTITION_COLOR                     ; 16764057                                   ; --            ; --          ; Top            ;
; PARTITION_FITTER_PRESERVATION_LEVEL ; PLACEMENT_AND_ROUTING                      ; --            ; --          ; Top            ;
; PARTITION_NETLIST_TYPE              ; SOURCE                                     ; --            ; --          ; Top            ;
; PROJECT_OUTPUT_DIRECTORY            ; output_files                               ; --            ; --          ; --             ;
+-------------------------------------+--------------------------------------------+---------------+-------------+----------------+


+-------------------------------------------------------------------------------------------------------------------------------+
; Flow Elapsed Time                                                                                                             ;
+---------------------------+--------------+-------------------------+---------------------+------------------------------------+
; Module Name               ; Elapsed Time ; Average Processors Used ; Peak Virtual Memory ; Total CPU Time (on all processors) ;
+---------------------------+--------------+-------------------------+---------------------+------------------------------------+
; Analysis & Synthesis      ; 00:00:05     ; 1.0                     ; 4652 MB             ; 00:00:03                           ;
; Fitter                    ; 00:00:30     ; 1.0                     ; 5152 MB             ; 00:00:24                           ;
; Assembler                 ; 00:00:08     ; 1.0                     ; 4580 MB             ; 00:00:08                           ;
; TimeQuest Timing Analyzer ; 00:00:04     ; 1.0                     ; 4678 MB             ; 00:00:04                           ;
; EDA Netlist Writer        ; 00:00:01     ; 1.0                     ; 4545 MB             ; 00:00:01                           ;
; EDA Netlist Writer        ; 00:00:01     ; 1.0                     ; 4554 MB             ; 00:00:01                           ;
; EDA Netlist Writer        ; 00:00:01     ; 1.0                     ; 4554 MB             ; 00:00:01                           ;
; Total                     ; 00:00:50     ; --                      ; --                  ; 00:00:42                           ;
+---------------------------+--------------+-------------------------+---------------------+------------------------------------+


+----------------------------------------------------------------------------------------+
; Flow OS Summary                                                                        ;
+---------------------------+------------------+-----------+------------+----------------+
; Module Name               ; Machine Hostname ; OS Name   ; OS Version ; Processor type ;
+---------------------------+------------------+-----------+------------+----------------+
; Analysis & Synthesis      ; DESKTOP-0COGADK  ; Windows 7 ; 6.2        ; x86_64         ;
; Fitter                    ; DESKTOP-0COGADK  ; Windows 7 ; 6.2        ; x86_64         ;
; Assembler                 ; DESKTOP-0COGADK  ; Windows 7 ; 6.2        ; x86_64         ;
; TimeQuest Timing Analyzer ; DESKTOP-0COGADK  ; Windows 7 ; 6.2        ; x86_64         ;
; EDA Netlist Writer        ; DESKTOP-0COGADK  ; Windows 7 ; 6.2        ; x86_64         ;
; EDA Netlist Writer        ; DESKTOP-0COGADK  ; Windows 7 ; 6.2        ; x86_64         ;
; EDA Netlist Writer        ; DESKTOP-0COGADK  ; Windows 7 ; 6.2        ; x86_64         ;
+---------------------------+------------------+-----------+------------+----------------+


------------
; Flow Log ;
------------
quartus_map --read_settings_files=on --write_settings_files=off nandgate -c nandgate
quartus_fit --read_settings_files=off --write_settings_files=off nandgate -c nandgate
quartus_asm --read_settings_files=off --write_settings_files=off nandgate -c nandgate
quartus_sta nandgate -c nandgate
quartus_eda --read_settings_files=off --write_settings_files=off nandgate -c nandgate
quartus_eda --gen_testbench --check_outputs=on --tool=modelsim_oem --format=verilog nandgate -c nandgate --vector_source=D:/alterafiles/lab_01_coa/Waveform.vwf --testbench_file=D:/alterafiles/lab_01_coa/simulation/qsim/Waveform.vwf.vt
quartus_eda --functional=on --flatten_buses=off --simulation=on --tool=modelsim_oem --format=verilog --output_directory=D:/alterafiles/lab_01_coa/simulation/qsim/ nandgate -c nandgate



